<?xml version="1.0" encoding="UTF-8"?>
<!-- Generated by org.testng.reporters.JUnitReportReporter -->
<testsuite skipped="0" hostname="lappy" name="com.account.test.OTP_Login" tests="22" failures="0" timestamp="28 Nov 2020 15:24:42 GMT" time="91.489" errors="0">
  <testcase name="Login_OTP_TC" time="1.183" classname="com.account.test.OTP_Login"/>
  <testcase name="Login_OTP_TC" time="1.297" classname="com.account.test.OTP_Login"/>
  <testcase name="Login_OTP_TC" time="4.074" classname="com.account.test.OTP_Login"/>
  <testcase name="Login_OTP_TC" time="1.104" classname="com.account.test.OTP_Login"/>
  <testcase name="Login_OTP_TC" time="1.156" classname="com.account.test.OTP_Login"/>
  <testcase name="Login_OTP_TC" time="8.280" classname="com.account.test.OTP_Login"/>
  <testcase name="Login_OTP_TC" time="1.108" classname="com.account.test.OTP_Login"/>
  <testcase name="Login_OTP_TC" time="4.800" classname="com.account.test.OTP_Login"/>
  <testcase name="Login_OTP_TC" time="1.116" classname="com.account.test.OTP_Login"/>
  <testcase name="Login_OTP_TC" time="1.105" classname="com.account.test.OTP_Login"/>
  <testcase name="Login_OTP_TC" time="1.738" classname="com.account.test.OTP_Login"/>
  <testcase name="Login_OTP_TC" time="1.118" classname="com.account.test.OTP_Login"/>
  <testcase name="Login_OTP_TC" time="18.607" classname="com.account.test.OTP_Login"/>
  <testcase name="Login_OTP_TC" time="1.209" classname="com.account.test.OTP_Login"/>
  <testcase name="Login_OTP_TC" time="20.113" classname="com.account.test.OTP_Login"/>
  <testcase name="Login_OTP_TC" time="1.447" classname="com.account.test.OTP_Login"/>
  <testcase name="Login_OTP_TC" time="5.868" classname="com.account.test.OTP_Login"/>
  <testcase name="Login_OTP_TC" time="1.122" classname="com.account.test.OTP_Login"/>
  <testcase name="Login_OTP_TC" time="2.256" classname="com.account.test.OTP_Login"/>
  <testcase name="Login_OTP_TC" time="1.122" classname="com.account.test.OTP_Login"/>
  <testcase name="Login_OTP_TC" time="3.044" classname="com.account.test.OTP_Login"/>
  <testcase name="Login_OTP_TC" time="8.622" classname="com.account.test.OTP_Login"/>
</testsuite> <!-- com.account.test.OTP_Login -->
