<?xml version="1.0" encoding="UTF-8"?>
<!-- Generated by org.testng.reporters.JUnitReportReporter -->
<testsuite skipped="0" hostname="lappy" name="com.booking.test.MultiCityTest" tests="248" failures="4" timestamp="01 Dec 2020 12:43:11 GMT" time="459.904" errors="2">
  <testcase name="multiCitySearchTest" time="1.010" classname="com.booking.test.MultiCityTest"/>
  <testcase name="multiCitySearchTest" time="1.129" classname="com.booking.test.MultiCityTest"/>
  <testcase name="multiCitySearchTest" time="1.063" classname="com.booking.test.MultiCityTest"/>
  <testcase name="multiCitySearchTest" time="2.333" classname="com.booking.test.MultiCityTest"/>
  <testcase name="multiCitySearchTest" time="1.075" classname="com.booking.test.MultiCityTest"/>
  <testcase name="multiCitySearchTest" time="1.159" classname="com.booking.test.MultiCityTest"/>
  <testcase name="multiCitySearchTest" time="1.064" classname="com.booking.test.MultiCityTest"/>
  <testcase name="multiCitySearchTest" time="1.124" classname="com.booking.test.MultiCityTest"/>
  <testcase name="multiCitySearchTest" time="1.060" classname="com.booking.test.MultiCityTest"/>
  <testcase name="multiCitySearchTest" time="1.081" classname="com.booking.test.MultiCityTest"/>
  <testcase name="multiCitySearchTest" time="5.784" classname="com.booking.test.MultiCityTest"/>
  <testcase name="multiCitySearchTest" time="3.688" classname="com.booking.test.MultiCityTest"/>
  <testcase name="multiCitySearchTest" time="1.081" classname="com.booking.test.MultiCityTest"/>
  <testcase name="multiCitySearchTest" time="1.117" classname="com.booking.test.MultiCityTest"/>
  <testcase name="multiCitySearchTest" time="1.139" classname="com.booking.test.MultiCityTest"/>
  <testcase name="multiCitySearchTest" time="1.085" classname="com.booking.test.MultiCityTest"/>
  <testcase name="multiCitySearchTest" time="1.103" classname="com.booking.test.MultiCityTest"/>
  <testcase name="multiCitySearchTest" time="1.126" classname="com.booking.test.MultiCityTest"/>
  <testcase name="multiCitySearchTest" time="1.145" classname="com.booking.test.MultiCityTest"/>
  <testcase name="multiCitySearchTest" time="6.474" classname="com.booking.test.MultiCityTest"/>
  <testcase name="multiCitySearchTest" time="1.066" classname="com.booking.test.MultiCityTest"/>
  <testcase name="multiCitySearchTest" time="1.120" classname="com.booking.test.MultiCityTest"/>
  <testcase name="multiCitySearchTest" time="1.126" classname="com.booking.test.MultiCityTest"/>
  <testcase name="multiCitySearchTest" time="1.148" classname="com.booking.test.MultiCityTest"/>
  <testcase name="multiCitySearchTest" time="1.072" classname="com.booking.test.MultiCityTest"/>
  <testcase name="multiCitySearchTest" time="1.126" classname="com.booking.test.MultiCityTest"/>
  <testcase name="multiCitySearchTest" time="1.148" classname="com.booking.test.MultiCityTest"/>
  <testcase name="multiCitySearchTest" time="1.131" classname="com.booking.test.MultiCityTest"/>
  <testcase name="multiCitySearchTest" time="1.077" classname="com.booking.test.MultiCityTest"/>
  <testcase name="multiCitySearchTest" time="1.122" classname="com.booking.test.MultiCityTest"/>
  <testcase name="multiCitySearchTest" time="1.146" classname="com.booking.test.MultiCityTest"/>
  <testcase name="multiCitySearchTest" time="7.138" classname="com.booking.test.MultiCityTest"/>
  <testcase name="multiCitySearchTest" time="2.294" classname="com.booking.test.MultiCityTest"/>
  <testcase name="multiCitySearchTest" time="1.126" classname="com.booking.test.MultiCityTest"/>
  <testcase name="multiCitySearchTest" time="1.174" classname="com.booking.test.MultiCityTest"/>
  <testcase name="multiCitySearchTest" time="9.455" classname="com.booking.test.MultiCityTest"/>
  <testcase name="multiCitySearchTest" time="1.150" classname="com.booking.test.MultiCityTest"/>
  <testcase name="multiCitySearchTest" time="1.075" classname="com.booking.test.MultiCityTest"/>
  <testcase name="multiCitySearchTest" time="1.119" classname="com.booking.test.MultiCityTest"/>
  <testcase name="multiCitySearchTest" time="5.658" classname="com.booking.test.MultiCityTest"/>
  <testcase name="multiCitySearchTest" time="1.128" classname="com.booking.test.MultiCityTest"/>
  <testcase name="multiCitySearchTest" time="1.117" classname="com.booking.test.MultiCityTest"/>
  <testcase name="multiCitySearchTest" time="5.395" classname="com.booking.test.MultiCityTest"/>
  <testcase name="multiCitySearchTest" time="1.123" classname="com.booking.test.MultiCityTest"/>
  <testcase name="multiCitySearchTest" time="1.074" classname="com.booking.test.MultiCityTest"/>
  <testcase name="multiCitySearchTest" time="3.194" classname="com.booking.test.MultiCityTest"/>
  <testcase name="multiCitySearchTest" time="1.105" classname="com.booking.test.MultiCityTest"/>
  <testcase name="multiCitySearchTest" time="1.066" classname="com.booking.test.MultiCityTest"/>
  <testcase name="multiCitySearchTest" time="1.122" classname="com.booking.test.MultiCityTest"/>
  <testcase name="multiCitySearchTest" time="5.445" classname="com.booking.test.MultiCityTest"/>
  <testcase name="multiCitySearchTest" time="2.284" classname="com.booking.test.MultiCityTest"/>
  <testcase name="multiCitySearchTest" time="1.035" classname="com.booking.test.MultiCityTest"/>
  <testcase name="multiCitySearchTest" time="3.871" classname="com.booking.test.MultiCityTest"/>
  <testcase name="multiCitySearchTest" time="1.071" classname="com.booking.test.MultiCityTest"/>
  <testcase name="multiCitySearchTest" time="3.813" classname="com.booking.test.MultiCityTest"/>
  <testcase name="multiCitySearchTest" time="1.071" classname="com.booking.test.MultiCityTest"/>
  <testcase name="multiCitySearchTest" time="1.149" classname="com.booking.test.MultiCityTest"/>
  <testcase name="multiCitySearchTest" time="1.125" classname="com.booking.test.MultiCityTest"/>
  <testcase name="multiCitySearchTest" time="1.074" classname="com.booking.test.MultiCityTest"/>
  <testcase name="multiCitySearchTest" time="1.062" classname="com.booking.test.MultiCityTest"/>
  <testcase name="multiCitySearchTest" time="2.405" classname="com.booking.test.MultiCityTest"/>
  <testcase name="multiCitySearchTest" time="1.029" classname="com.booking.test.MultiCityTest"/>
  <testcase name="multiCitySearchTest" time="1.136" classname="com.booking.test.MultiCityTest"/>
  <testcase name="multiCitySearchTest" time="1.129" classname="com.booking.test.MultiCityTest"/>
  <testcase name="multiCitySearchTest" time="1.116" classname="com.booking.test.MultiCityTest"/>
  <testcase name="multiCitySearchTest" time="1.141" classname="com.booking.test.MultiCityTest"/>
  <testcase name="multiCitySearchTest" time="1.070" classname="com.booking.test.MultiCityTest"/>
  <testcase name="multiCitySearchTest" time="1.128" classname="com.booking.test.MultiCityTest"/>
  <testcase name="multiCitySearchTest" time="3.023" classname="com.booking.test.MultiCityTest"/>
  <testcase name="multiCitySearchTest" time="2.843" classname="com.booking.test.MultiCityTest"/>
  <testcase name="multiCitySearchTest" time="3.009" classname="com.booking.test.MultiCityTest">
    <failure type="java.lang.AssertionError" message="expected [https://secure.yatra.com/PaySwift/payment] but found [https://secure.yatra.com/checkout-ui/dom2/price?searchId=67e982de-61ea-4d46-b749-a97c4a895286&amp;msid=67e982de-61ea-4d46-b749-a97c4a895286&amp;mode=Background&amp;bpc=false&amp;isSR=false&amp;unique=1606826459916&amp;variation=0&amp;flightIdCSV=DELBOMAI88720210114_GALDOM,BOMMAAAI67120210203_GALDOM&amp;flightPrice=15922&amp;sc=GALDOM_0,GALDOM_1&amp;pid=dacd6a1a-ec50-4efb-a50c-aa2157c222a8&amp;ref=0112200077144]">
      <![CDATA[java.lang.AssertionError: expected [https://secure.yatra.com/PaySwift/payment] but found [https://secure.yatra.com/checkout-ui/dom2/price?searchId=67e982de-61ea-4d46-b749-a97c4a895286&msid=67e982de-61ea-4d46-b749-a97c4a895286&mode=Background&bpc=false&isSR=false&unique=1606826459916&variation=0&flightIdCSV=DELBOMAI88720210114_GALDOM,BOMMAAAI67120210203_GALDOM&flightPrice=15922&sc=GALDOM_0,GALDOM_1&pid=dacd6a1a-ec50-4efb-a50c-aa2157c222a8&ref=0112200077144]
at org.testng.Assert.fail(Assert.java:96)
at org.testng.Assert.failNotEquals(Assert.java:776)
at org.testng.Assert.assertEqualsImpl(Assert.java:137)
at org.testng.Assert.assertEquals(Assert.java:118)
at org.testng.Assert.assertEquals(Assert.java:453)
at org.testng.Assert.assertEquals(Assert.java:463)
at com.yatra.utils.ResultCompare.verifyResults(ResultCompare.java:55)
at com.yatra.utils.UIOperation.perform(UIOperation.java:124)
at com.booking.test.MultiCityTest.multiCitySearchTest(MultiCityTest.java:56)
at sun.reflect.GeneratedMethodAccessor1.invoke(Unknown Source)
at sun.reflect.DelegatingMethodAccessorImpl.invoke(Unknown Source)
at java.lang.reflect.Method.invoke(Unknown Source)
at org.testng.internal.MethodInvocationHelper.invokeMethod(MethodInvocationHelper.java:124)
at org.testng.internal.Invoker.invokeMethod(Invoker.java:583)
at org.testng.internal.Invoker.invokeTestMethod(Invoker.java:719)
at org.testng.internal.Invoker.invokeTestMethods(Invoker.java:989)
at org.testng.internal.TestMethodWorker.invokeTestMethods(TestMethodWorker.java:125)
at org.testng.internal.TestMethodWorker.run(TestMethodWorker.java:109)
at org.testng.TestRunner.privateRun(TestRunner.java:648)
at org.testng.TestRunner.run(TestRunner.java:505)
at org.testng.SuiteRunner.runTest(SuiteRunner.java:455)
at org.testng.SuiteRunner.runSequentially(SuiteRunner.java:450)
at org.testng.SuiteRunner.privateRun(SuiteRunner.java:415)
at org.testng.SuiteRunner.run(SuiteRunner.java:364)
at org.testng.SuiteRunnerWorker.runSuite(SuiteRunnerWorker.java:52)
at org.testng.SuiteRunnerWorker.run(SuiteRunnerWorker.java:84)
at org.testng.TestNG.runSuitesSequentially(TestNG.java:1208)
at org.testng.TestNG.runSuitesLocally(TestNG.java:1137)
at org.testng.TestNG.runSuites(TestNG.java:1049)
at org.testng.TestNG.run(TestNG.java:1017)
at org.testng.remote.AbstractRemoteTestNG.run(AbstractRemoteTestNG.java:132)
at org.testng.remote.RemoteTestNG.initAndRun(RemoteTestNG.java:230)
at org.testng.remote.RemoteTestNG.main(RemoteTestNG.java:76)
]]>
    </failure>
  </testcase> <!-- multiCitySearchTest -->
  <testcase name="multiCitySearchTest" time="1.188" classname="com.booking.test.MultiCityTest"/>
  <testcase name="multiCitySearchTest" time="1.121" classname="com.booking.test.MultiCityTest"/>
  <testcase name="multiCitySearchTest" time="7.167" classname="com.booking.test.MultiCityTest"/>
  <testcase name="multiCitySearchTest" time="3.189" classname="com.booking.test.MultiCityTest">
    <error type="org.openqa.selenium.ElementClickInterceptedException" message="element click intercepted: Element &lt;input type=&quot;button&quot; class=&quot;bold fs-14 btn-submit  disabled&quot; value=&quot;Apply Filters&quot;&gt; is not clickable at point (1229, 168). Other element would receive the click: &lt;div class=&quot;apply-filter i-b cursor-pointer&quot;&gt;...&lt;/div&gt;
  (Session info: chrome=87.0.4280.66)
Build info: version: &#039;3.141.59&#039;, revision: &#039;e82be7d358&#039;, time: &#039;2018-11-14T08:17:03&#039;
System info: host: &#039;LAPPY&#039;, ip: &#039;192.168.0.105&#039;, os.name: &#039;Windows 10&#039;, os.arch: &#039;amd64&#039;, os.version: &#039;10.0&#039;, java.version: &#039;1.8.0_261&#039;
Driver info: org.openqa.selenium.chrome.ChromeDriver
Capabilities {acceptInsecureCerts: false, browserName: chrome, browserVersion: 87.0.4280.66, chrome: {chromedriverVersion: 86.0.4240.22 (398b0743353ff..., userDataDir: C:\Users\Chandan\AppData\Lo...}, goog:chromeOptions: {debuggerAddress: localhost:53843}, javascriptEnabled: true, networkConnectionEnabled: false, pageLoadStrategy: normal, platform: WINDOWS, platformName: WINDOWS, proxy: Proxy(), setWindowRect: true, strictFileInteractability: false, timeouts: {implicit: 0, pageLoad: 300000, script: 30000}, unhandledPromptBehavior: dismiss and notify, webauthn:virtualAuthenticators: true}
Session ID: d19ef9396c360dbcb5a5135a97136014">
      <![CDATA[org.openqa.selenium.ElementClickInterceptedException: element click intercepted: Element <input type="button" class="bold fs-14 btn-submit  disabled" value="Apply Filters"> is not clickable at point (1229, 168). Other element would receive the click: <div class="apply-filter i-b cursor-pointer">...</div>
  (Session info: chrome=87.0.4280.66)
Build info: version: '3.141.59', revision: 'e82be7d358', time: '2018-11-14T08:17:03'
System info: host: 'LAPPY', ip: '192.168.0.105', os.name: 'Windows 10', os.arch: 'amd64', os.version: '10.0', java.version: '1.8.0_261'
Driver info: org.openqa.selenium.chrome.ChromeDriver
Capabilities {acceptInsecureCerts: false, browserName: chrome, browserVersion: 87.0.4280.66, chrome: {chromedriverVersion: 86.0.4240.22 (398b0743353ff..., userDataDir: C:\Users\Chandan\AppData\Lo...}, goog:chromeOptions: {debuggerAddress: localhost:53843}, javascriptEnabled: true, networkConnectionEnabled: false, pageLoadStrategy: normal, platform: WINDOWS, platformName: WINDOWS, proxy: Proxy(), setWindowRect: true, strictFileInteractability: false, timeouts: {implicit: 0, pageLoad: 300000, script: 30000}, unhandledPromptBehavior: dismiss and notify, webauthn:virtualAuthenticators: true}
Session ID: d19ef9396c360dbcb5a5135a97136014
at sun.reflect.NativeConstructorAccessorImpl.newInstance0(Native Method)
at sun.reflect.NativeConstructorAccessorImpl.newInstance(Unknown Source)
at sun.reflect.DelegatingConstructorAccessorImpl.newInstance(Unknown Source)
at java.lang.reflect.Constructor.newInstance(Unknown Source)
at org.openqa.selenium.remote.http.W3CHttpResponseCodec.createException(W3CHttpResponseCodec.java:187)
at org.openqa.selenium.remote.http.W3CHttpResponseCodec.decode(W3CHttpResponseCodec.java:122)
at org.openqa.selenium.remote.http.W3CHttpResponseCodec.decode(W3CHttpResponseCodec.java:49)
at org.openqa.selenium.remote.HttpCommandExecutor.execute(HttpCommandExecutor.java:158)
at org.openqa.selenium.remote.service.DriverCommandExecutor.execute(DriverCommandExecutor.java:83)
at org.openqa.selenium.remote.RemoteWebDriver.execute(RemoteWebDriver.java:552)
at org.openqa.selenium.remote.RemoteWebElement.execute(RemoteWebElement.java:285)
at org.openqa.selenium.remote.RemoteWebElement.click(RemoteWebElement.java:84)
at com.yatra.utils.UIOperation.perform(UIOperation.java:48)
at com.booking.test.MultiCityTest.multiCitySearchTest(MultiCityTest.java:56)
at sun.reflect.GeneratedMethodAccessor1.invoke(Unknown Source)
at sun.reflect.DelegatingMethodAccessorImpl.invoke(Unknown Source)
at java.lang.reflect.Method.invoke(Unknown Source)
at org.testng.internal.MethodInvocationHelper.invokeMethod(MethodInvocationHelper.java:124)
at org.testng.internal.Invoker.invokeMethod(Invoker.java:583)
at org.testng.internal.Invoker.invokeTestMethod(Invoker.java:719)
at org.testng.internal.Invoker.invokeTestMethods(Invoker.java:989)
at org.testng.internal.TestMethodWorker.invokeTestMethods(TestMethodWorker.java:125)
at org.testng.internal.TestMethodWorker.run(TestMethodWorker.java:109)
at org.testng.TestRunner.privateRun(TestRunner.java:648)
at org.testng.TestRunner.run(TestRunner.java:505)
at org.testng.SuiteRunner.runTest(SuiteRunner.java:455)
at org.testng.SuiteRunner.runSequentially(SuiteRunner.java:450)
at org.testng.SuiteRunner.privateRun(SuiteRunner.java:415)
at org.testng.SuiteRunner.run(SuiteRunner.java:364)
at org.testng.SuiteRunnerWorker.runSuite(SuiteRunnerWorker.java:52)
at org.testng.SuiteRunnerWorker.run(SuiteRunnerWorker.java:84)
at org.testng.TestNG.runSuitesSequentially(TestNG.java:1208)
at org.testng.TestNG.runSuitesLocally(TestNG.java:1137)
at org.testng.TestNG.runSuites(TestNG.java:1049)
at org.testng.TestNG.run(TestNG.java:1017)
at org.testng.remote.AbstractRemoteTestNG.run(AbstractRemoteTestNG.java:132)
at org.testng.remote.RemoteTestNG.initAndRun(RemoteTestNG.java:230)
at org.testng.remote.RemoteTestNG.main(RemoteTestNG.java:76)
]]>
    </error>
  </testcase> <!-- multiCitySearchTest -->
  <testcase name="multiCitySearchTest" time="1.113" classname="com.booking.test.MultiCityTest"/>
  <testcase name="multiCitySearchTest" time="1.119" classname="com.booking.test.MultiCityTest"/>
  <testcase name="multiCitySearchTest" time="5.804" classname="com.booking.test.MultiCityTest"/>
  <testcase name="multiCitySearchTest" time="1.187" classname="com.booking.test.MultiCityTest"/>
  <testcase name="multiCitySearchTest" time="1.109" classname="com.booking.test.MultiCityTest"/>
  <testcase name="multiCitySearchTest" time="1.093" classname="com.booking.test.MultiCityTest"/>
  <testcase name="multiCitySearchTest" time="5.798" classname="com.booking.test.MultiCityTest"/>
  <testcase name="multiCitySearchTest" time="1.098" classname="com.booking.test.MultiCityTest"/>
  <testcase name="multiCitySearchTest" time="8.242" classname="com.booking.test.MultiCityTest"/>
  <testcase name="multiCitySearchTest" time="1.116" classname="com.booking.test.MultiCityTest"/>
  <testcase name="multiCitySearchTest" time="1.072" classname="com.booking.test.MultiCityTest"/>
  <testcase name="multiCitySearchTest" time="1.108" classname="com.booking.test.MultiCityTest"/>
  <testcase name="multiCitySearchTest" time="1.033" classname="com.booking.test.MultiCityTest"/>
  <testcase name="multiCitySearchTest" time="1.078" classname="com.booking.test.MultiCityTest"/>
  <testcase name="multiCitySearchTest" time="1.157" classname="com.booking.test.MultiCityTest"/>
  <testcase name="multiCitySearchTest" time="1.123" classname="com.booking.test.MultiCityTest"/>
  <testcase name="multiCitySearchTest" time="1.166" classname="com.booking.test.MultiCityTest"/>
  <testcase name="multiCitySearchTest" time="3.360" classname="com.booking.test.MultiCityTest"/>
  <testcase name="multiCitySearchTest" time="1.062" classname="com.booking.test.MultiCityTest"/>
  <testcase name="multiCitySearchTest" time="1.065" classname="com.booking.test.MultiCityTest"/>
  <testcase name="multiCitySearchTest" time="1.120" classname="com.booking.test.MultiCityTest"/>
  <testcase name="multiCitySearchTest" time="3.748" classname="com.booking.test.MultiCityTest"/>
  <testcase name="multiCitySearchTest" time="2.279" classname="com.booking.test.MultiCityTest"/>
  <testcase name="multiCitySearchTest" time="1.124" classname="com.booking.test.MultiCityTest"/>
  <testcase name="multiCitySearchTest" time="1.168" classname="com.booking.test.MultiCityTest"/>
  <testcase name="multiCitySearchTest" time="1.063" classname="com.booking.test.MultiCityTest"/>
  <testcase name="multiCitySearchTest" time="2.807" classname="com.booking.test.MultiCityTest"/>
  <testcase name="multiCitySearchTest" time="1.070" classname="com.booking.test.MultiCityTest"/>
  <testcase name="multiCitySearchTest" time="1.128" classname="com.booking.test.MultiCityTest"/>
  <testcase name="multiCitySearchTest" time="5.781" classname="com.booking.test.MultiCityTest"/>
  <testcase name="multiCitySearchTest" time="1.144" classname="com.booking.test.MultiCityTest"/>
  <testcase name="multiCitySearchTest" time="3.021" classname="com.booking.test.MultiCityTest"/>
  <testcase name="multiCitySearchTest" time="3.189" classname="com.booking.test.MultiCityTest"/>
  <testcase name="multiCitySearchTest" time="1.080" classname="com.booking.test.MultiCityTest"/>
  <testcase name="multiCitySearchTest" time="1.066" classname="com.booking.test.MultiCityTest"/>
  <testcase name="multiCitySearchTest" time="1.201" classname="com.booking.test.MultiCityTest"/>
  <testcase name="multiCitySearchTest" time="5.769" classname="com.booking.test.MultiCityTest"/>
  <testcase name="multiCitySearchTest" time="1.092" classname="com.booking.test.MultiCityTest"/>
  <testcase name="multiCitySearchTest" time="4.951" classname="com.booking.test.MultiCityTest"/>
  <testcase name="multiCitySearchTest" time="1.063" classname="com.booking.test.MultiCityTest"/>
  <testcase name="multiCitySearchTest" time="1.077" classname="com.booking.test.MultiCityTest"/>
  <testcase name="multiCitySearchTest" time="2.020" classname="com.booking.test.MultiCityTest">
    <failure type="java.lang.AssertionError" message="null">
      <![CDATA[java.lang.AssertionError: null
at org.testng.Assert.fail(Assert.java:96)
at org.testng.Assert.assertNotEquals(Assert.java:1157)
at org.testng.Assert.assertNotEquals(Assert.java:1162)
at com.yatra.utils.ResultCompare.verifyResults(ResultCompare.java:40)
at com.yatra.utils.UIOperation.perform(UIOperation.java:124)
at com.booking.test.MultiCityTest.multiCitySearchTest(MultiCityTest.java:56)
at sun.reflect.GeneratedMethodAccessor1.invoke(Unknown Source)
at sun.reflect.DelegatingMethodAccessorImpl.invoke(Unknown Source)
at java.lang.reflect.Method.invoke(Unknown Source)
at org.testng.internal.MethodInvocationHelper.invokeMethod(MethodInvocationHelper.java:124)
at org.testng.internal.Invoker.invokeMethod(Invoker.java:583)
at org.testng.internal.Invoker.invokeTestMethod(Invoker.java:719)
at org.testng.internal.Invoker.invokeTestMethods(Invoker.java:989)
at org.testng.internal.TestMethodWorker.invokeTestMethods(TestMethodWorker.java:125)
at org.testng.internal.TestMethodWorker.run(TestMethodWorker.java:109)
at org.testng.TestRunner.privateRun(TestRunner.java:648)
at org.testng.TestRunner.run(TestRunner.java:505)
at org.testng.SuiteRunner.runTest(SuiteRunner.java:455)
at org.testng.SuiteRunner.runSequentially(SuiteRunner.java:450)
at org.testng.SuiteRunner.privateRun(SuiteRunner.java:415)
at org.testng.SuiteRunner.run(SuiteRunner.java:364)
at org.testng.SuiteRunnerWorker.runSuite(SuiteRunnerWorker.java:52)
at org.testng.SuiteRunnerWorker.run(SuiteRunnerWorker.java:84)
at org.testng.TestNG.runSuitesSequentially(TestNG.java:1208)
at org.testng.TestNG.runSuitesLocally(TestNG.java:1137)
at org.testng.TestNG.runSuites(TestNG.java:1049)
at org.testng.TestNG.run(TestNG.java:1017)
at org.testng.remote.AbstractRemoteTestNG.run(AbstractRemoteTestNG.java:132)
at org.testng.remote.RemoteTestNG.initAndRun(RemoteTestNG.java:230)
at org.testng.remote.RemoteTestNG.main(RemoteTestNG.java:76)
]]>
    </failure>
  </testcase> <!-- multiCitySearchTest -->
  <testcase name="multiCitySearchTest" time="1.072" classname="com.booking.test.MultiCityTest"/>
  <testcase name="multiCitySearchTest" time="1.064" classname="com.booking.test.MultiCityTest"/>
  <testcase name="multiCitySearchTest" time="7.161" classname="com.booking.test.MultiCityTest"/>
  <testcase name="multiCitySearchTest" time="3.154" classname="com.booking.test.MultiCityTest"/>
  <testcase name="multiCitySearchTest" time="1.182" classname="com.booking.test.MultiCityTest"/>
  <testcase name="multiCitySearchTest" time="1.146" classname="com.booking.test.MultiCityTest"/>
  <testcase name="multiCitySearchTest" time="3.153" classname="com.booking.test.MultiCityTest"/>
  <testcase name="multiCitySearchTest" time="1.135" classname="com.booking.test.MultiCityTest"/>
  <testcase name="multiCitySearchTest" time="1.087" classname="com.booking.test.MultiCityTest"/>
  <testcase name="multiCitySearchTest" time="1.107" classname="com.booking.test.MultiCityTest"/>
  <testcase name="multiCitySearchTest" time="1.073" classname="com.booking.test.MultiCityTest"/>
  <testcase name="multiCitySearchTest" time="1.175" classname="com.booking.test.MultiCityTest"/>
  <testcase name="multiCitySearchTest" time="1.113" classname="com.booking.test.MultiCityTest"/>
  <testcase name="multiCitySearchTest" time="1.079" classname="com.booking.test.MultiCityTest"/>
  <testcase name="multiCitySearchTest" time="1.124" classname="com.booking.test.MultiCityTest"/>
  <testcase name="multiCitySearchTest" time="6.411" classname="com.booking.test.MultiCityTest"/>
  <testcase name="multiCitySearchTest" time="1.549" classname="com.booking.test.MultiCityTest"/>
  <testcase name="multiCitySearchTest" time="1.110" classname="com.booking.test.MultiCityTest"/>
  <testcase name="multiCitySearchTest" time="1.186" classname="com.booking.test.MultiCityTest"/>
  <testcase name="multiCitySearchTest" time="1.103" classname="com.booking.test.MultiCityTest"/>
  <testcase name="multiCitySearchTest" time="1.067" classname="com.booking.test.MultiCityTest"/>
  <testcase name="multiCitySearchTest" time="1.061" classname="com.booking.test.MultiCityTest"/>
  <testcase name="multiCitySearchTest" time="2.895" classname="com.booking.test.MultiCityTest"/>
  <testcase name="multiCitySearchTest" time="1.115" classname="com.booking.test.MultiCityTest"/>
  <testcase name="multiCitySearchTest" time="3.380" classname="com.booking.test.MultiCityTest"/>
  <testcase name="multiCitySearchTest" time="1.186" classname="com.booking.test.MultiCityTest"/>
  <testcase name="multiCitySearchTest" time="1.094" classname="com.booking.test.MultiCityTest"/>
  <testcase name="multiCitySearchTest" time="3.331" classname="com.booking.test.MultiCityTest"/>
  <testcase name="multiCitySearchTest" time="1.110" classname="com.booking.test.MultiCityTest"/>
  <testcase name="multiCitySearchTest" time="5.555" classname="com.booking.test.MultiCityTest"/>
  <testcase name="multiCitySearchTest" time="1.186" classname="com.booking.test.MultiCityTest"/>
  <testcase name="multiCitySearchTest" time="1.164" classname="com.booking.test.MultiCityTest"/>
  <testcase name="multiCitySearchTest" time="5.715" classname="com.booking.test.MultiCityTest"/>
  <testcase name="multiCitySearchTest" time="1.106" classname="com.booking.test.MultiCityTest"/>
  <testcase name="multiCitySearchTest" time="1.066" classname="com.booking.test.MultiCityTest"/>
  <testcase name="multiCitySearchTest" time="1.063" classname="com.booking.test.MultiCityTest"/>
  <testcase name="multiCitySearchTest" time="1.123" classname="com.booking.test.MultiCityTest"/>
  <testcase name="multiCitySearchTest" time="1.187" classname="com.booking.test.MultiCityTest"/>
  <testcase name="multiCitySearchTest" time="2.315" classname="com.booking.test.MultiCityTest"/>
  <testcase name="multiCitySearchTest" time="3.144" classname="com.booking.test.MultiCityTest"/>
  <testcase name="multiCitySearchTest" time="1.146" classname="com.booking.test.MultiCityTest"/>
  <testcase name="multiCitySearchTest" time="1.150" classname="com.booking.test.MultiCityTest"/>
  <testcase name="multiCitySearchTest" time="1.074" classname="com.booking.test.MultiCityTest"/>
  <testcase name="multiCitySearchTest" time="3.159" classname="com.booking.test.MultiCityTest"/>
  <testcase name="multiCitySearchTest" time="1.138" classname="com.booking.test.MultiCityTest"/>
  <testcase name="multiCitySearchTest" time="1.062" classname="com.booking.test.MultiCityTest"/>
  <testcase name="multiCitySearchTest" time="1.067" classname="com.booking.test.MultiCityTest"/>
  <testcase name="multiCitySearchTest" time="3.434" classname="com.booking.test.MultiCityTest"/>
  <testcase name="multiCitySearchTest" time="0.001" classname="com.booking.test.MultiCityTest">
    <error type="java.lang.Exception" message="Wrong object type">
      <![CDATA[java.lang.Exception: Wrong object type
at com.yatra.utils.ResultCompare.getObject(ResultCompare.java:125)
at com.yatra.utils.ResultCompare.verifyResults(ResultCompare.java:50)
at com.yatra.utils.UIOperation.perform(UIOperation.java:124)
at com.booking.test.MultiCityTest.multiCitySearchTest(MultiCityTest.java:56)
at sun.reflect.GeneratedMethodAccessor1.invoke(Unknown Source)
at sun.reflect.DelegatingMethodAccessorImpl.invoke(Unknown Source)
at java.lang.reflect.Method.invoke(Unknown Source)
at org.testng.internal.MethodInvocationHelper.invokeMethod(MethodInvocationHelper.java:124)
at org.testng.internal.Invoker.invokeMethod(Invoker.java:583)
at org.testng.internal.Invoker.invokeTestMethod(Invoker.java:719)
at org.testng.internal.Invoker.invokeTestMethods(Invoker.java:989)
at org.testng.internal.TestMethodWorker.invokeTestMethods(TestMethodWorker.java:125)
at org.testng.internal.TestMethodWorker.run(TestMethodWorker.java:109)
at org.testng.TestRunner.privateRun(TestRunner.java:648)
at org.testng.TestRunner.run(TestRunner.java:505)
at org.testng.SuiteRunner.runTest(SuiteRunner.java:455)
at org.testng.SuiteRunner.runSequentially(SuiteRunner.java:450)
at org.testng.SuiteRunner.privateRun(SuiteRunner.java:415)
at org.testng.SuiteRunner.run(SuiteRunner.java:364)
at org.testng.SuiteRunnerWorker.runSuite(SuiteRunnerWorker.java:52)
at org.testng.SuiteRunnerWorker.run(SuiteRunnerWorker.java:84)
at org.testng.TestNG.runSuitesSequentially(TestNG.java:1208)
at org.testng.TestNG.runSuitesLocally(TestNG.java:1137)
at org.testng.TestNG.runSuites(TestNG.java:1049)
at org.testng.TestNG.run(TestNG.java:1017)
at org.testng.remote.AbstractRemoteTestNG.run(AbstractRemoteTestNG.java:132)
at org.testng.remote.RemoteTestNG.initAndRun(RemoteTestNG.java:230)
at org.testng.remote.RemoteTestNG.main(RemoteTestNG.java:76)
]]>
    </error>
  </testcase> <!-- multiCitySearchTest -->
  <testcase name="multiCitySearchTest" time="7.139" classname="com.booking.test.MultiCityTest"/>
  <testcase name="multiCitySearchTest" time="1.109" classname="com.booking.test.MultiCityTest"/>
  <testcase name="multiCitySearchTest" time="1.127" classname="com.booking.test.MultiCityTest"/>
  <testcase name="multiCitySearchTest" time="1.134" classname="com.booking.test.MultiCityTest"/>
  <testcase name="multiCitySearchTest" time="1.197" classname="com.booking.test.MultiCityTest"/>
  <testcase name="multiCitySearchTest" time="1.165" classname="com.booking.test.MultiCityTest"/>
  <testcase name="multiCitySearchTest" time="1.051" classname="com.booking.test.MultiCityTest"/>
  <testcase name="multiCitySearchTest" time="1.061" classname="com.booking.test.MultiCityTest"/>
  <testcase name="multiCitySearchTest" time="1.074" classname="com.booking.test.MultiCityTest"/>
  <testcase name="multiCitySearchTest" time="1.117" classname="com.booking.test.MultiCityTest"/>
  <testcase name="multiCitySearchTest" time="1.156" classname="com.booking.test.MultiCityTest"/>
  <testcase name="multiCitySearchTest" time="1.123" classname="com.booking.test.MultiCityTest"/>
  <testcase name="multiCitySearchTest" time="3.072" classname="com.booking.test.MultiCityTest"/>
  <testcase name="multiCitySearchTest" time="1.029" classname="com.booking.test.MultiCityTest"/>
  <testcase name="multiCitySearchTest" time="1.124" classname="com.booking.test.MultiCityTest"/>
  <testcase name="multiCitySearchTest" time="1.172" classname="com.booking.test.MultiCityTest"/>
  <testcase name="multiCitySearchTest" time="1.060" classname="com.booking.test.MultiCityTest"/>
  <testcase name="multiCitySearchTest" time="2.263" classname="com.booking.test.MultiCityTest"/>
  <testcase name="multiCitySearchTest" time="1.121" classname="com.booking.test.MultiCityTest"/>
  <testcase name="multiCitySearchTest" time="1.125" classname="com.booking.test.MultiCityTest"/>
  <testcase name="multiCitySearchTest" time="1.059" classname="com.booking.test.MultiCityTest"/>
  <testcase name="multiCitySearchTest" time="2.787" classname="com.booking.test.MultiCityTest"/>
  <testcase name="multiCitySearchTest" time="1.126" classname="com.booking.test.MultiCityTest"/>
  <testcase name="multiCitySearchTest" time="1.192" classname="com.booking.test.MultiCityTest"/>
  <testcase name="multiCitySearchTest" time="6.469" classname="com.booking.test.MultiCityTest"/>
  <testcase name="multiCitySearchTest" time="1.148" classname="com.booking.test.MultiCityTest"/>
  <testcase name="multiCitySearchTest" time="1.190" classname="com.booking.test.MultiCityTest"/>
  <testcase name="multiCitySearchTest" time="1.240" classname="com.booking.test.MultiCityTest"/>
  <testcase name="multiCitySearchTest" time="1.107" classname="com.booking.test.MultiCityTest"/>
  <testcase name="multiCitySearchTest" time="2.295" classname="com.booking.test.MultiCityTest"/>
  <testcase name="multiCitySearchTest" time="3.505" classname="com.booking.test.MultiCityTest"/>
  <testcase name="multiCitySearchTest" time="1.122" classname="com.booking.test.MultiCityTest"/>
  <testcase name="multiCitySearchTest" time="1.123" classname="com.booking.test.MultiCityTest"/>
  <testcase name="multiCitySearchTest" time="7.170" classname="com.booking.test.MultiCityTest"/>
  <testcase name="multiCitySearchTest" time="1.128" classname="com.booking.test.MultiCityTest"/>
  <testcase name="multiCitySearchTest" time="1.090" classname="com.booking.test.MultiCityTest"/>
  <testcase name="multiCitySearchTest" time="1.069" classname="com.booking.test.MultiCityTest"/>
  <testcase name="multiCitySearchTest" time="1.135" classname="com.booking.test.MultiCityTest"/>
  <testcase name="multiCitySearchTest" time="1.153" classname="com.booking.test.MultiCityTest"/>
  <testcase name="multiCitySearchTest" time="0.027" classname="com.booking.test.MultiCityTest">
    <failure type="java.lang.AssertionError" message="expected [true] but found [false]">
      <![CDATA[java.lang.AssertionError: expected [true] but found [false]
at org.testng.Assert.fail(Assert.java:96)
at org.testng.Assert.failNotEquals(Assert.java:776)
at org.testng.Assert.assertTrue(Assert.java:44)
at org.testng.Assert.assertTrue(Assert.java:54)
at com.yatra.utils.ResultCompare.verifyResults(ResultCompare.java:33)
at com.yatra.utils.UIOperation.perform(UIOperation.java:124)
at com.booking.test.MultiCityTest.multiCitySearchTest(MultiCityTest.java:56)
at sun.reflect.GeneratedMethodAccessor1.invoke(Unknown Source)
at sun.reflect.DelegatingMethodAccessorImpl.invoke(Unknown Source)
at java.lang.reflect.Method.invoke(Unknown Source)
at org.testng.internal.MethodInvocationHelper.invokeMethod(MethodInvocationHelper.java:124)
at org.testng.internal.Invoker.invokeMethod(Invoker.java:583)
at org.testng.internal.Invoker.invokeTestMethod(Invoker.java:719)
at org.testng.internal.Invoker.invokeTestMethods(Invoker.java:989)
at org.testng.internal.TestMethodWorker.invokeTestMethods(TestMethodWorker.java:125)
at org.testng.internal.TestMethodWorker.run(TestMethodWorker.java:109)
at org.testng.TestRunner.privateRun(TestRunner.java:648)
at org.testng.TestRunner.run(TestRunner.java:505)
at org.testng.SuiteRunner.runTest(SuiteRunner.java:455)
at org.testng.SuiteRunner.runSequentially(SuiteRunner.java:450)
at org.testng.SuiteRunner.privateRun(SuiteRunner.java:415)
at org.testng.SuiteRunner.run(SuiteRunner.java:364)
at org.testng.SuiteRunnerWorker.runSuite(SuiteRunnerWorker.java:52)
at org.testng.SuiteRunnerWorker.run(SuiteRunnerWorker.java:84)
at org.testng.TestNG.runSuitesSequentially(TestNG.java:1208)
at org.testng.TestNG.runSuitesLocally(TestNG.java:1137)
at org.testng.TestNG.runSuites(TestNG.java:1049)
at org.testng.TestNG.run(TestNG.java:1017)
at org.testng.remote.AbstractRemoteTestNG.run(AbstractRemoteTestNG.java:132)
at org.testng.remote.RemoteTestNG.initAndRun(RemoteTestNG.java:230)
at org.testng.remote.RemoteTestNG.main(RemoteTestNG.java:76)
]]>
    </failure>
  </testcase> <!-- multiCitySearchTest -->
  <testcase name="multiCitySearchTest" time="1.188" classname="com.booking.test.MultiCityTest"/>
  <testcase name="multiCitySearchTest" time="1.155" classname="com.booking.test.MultiCityTest"/>
  <testcase name="multiCitySearchTest" time="1.067" classname="com.booking.test.MultiCityTest"/>
  <testcase name="multiCitySearchTest" time="2.008" classname="com.booking.test.MultiCityTest">
    <failure type="java.lang.AssertionError" message="null">
      <![CDATA[java.lang.AssertionError: null
at org.testng.Assert.fail(Assert.java:96)
at org.testng.Assert.assertNotEquals(Assert.java:1157)
at org.testng.Assert.assertNotEquals(Assert.java:1162)
at com.yatra.utils.ResultCompare.verifyResults(ResultCompare.java:40)
at com.yatra.utils.UIOperation.perform(UIOperation.java:124)
at com.booking.test.MultiCityTest.multiCitySearchTest(MultiCityTest.java:56)
at sun.reflect.GeneratedMethodAccessor1.invoke(Unknown Source)
at sun.reflect.DelegatingMethodAccessorImpl.invoke(Unknown Source)
at java.lang.reflect.Method.invoke(Unknown Source)
at org.testng.internal.MethodInvocationHelper.invokeMethod(MethodInvocationHelper.java:124)
at org.testng.internal.Invoker.invokeMethod(Invoker.java:583)
at org.testng.internal.Invoker.invokeTestMethod(Invoker.java:719)
at org.testng.internal.Invoker.invokeTestMethods(Invoker.java:989)
at org.testng.internal.TestMethodWorker.invokeTestMethods(TestMethodWorker.java:125)
at org.testng.internal.TestMethodWorker.run(TestMethodWorker.java:109)
at org.testng.TestRunner.privateRun(TestRunner.java:648)
at org.testng.TestRunner.run(TestRunner.java:505)
at org.testng.SuiteRunner.runTest(SuiteRunner.java:455)
at org.testng.SuiteRunner.runSequentially(SuiteRunner.java:450)
at org.testng.SuiteRunner.privateRun(SuiteRunner.java:415)
at org.testng.SuiteRunner.run(SuiteRunner.java:364)
at org.testng.SuiteRunnerWorker.runSuite(SuiteRunnerWorker.java:52)
at org.testng.SuiteRunnerWorker.run(SuiteRunnerWorker.java:84)
at org.testng.TestNG.runSuitesSequentially(TestNG.java:1208)
at org.testng.TestNG.runSuitesLocally(TestNG.java:1137)
at org.testng.TestNG.runSuites(TestNG.java:1049)
at org.testng.TestNG.run(TestNG.java:1017)
at org.testng.remote.AbstractRemoteTestNG.run(AbstractRemoteTestNG.java:132)
at org.testng.remote.RemoteTestNG.initAndRun(RemoteTestNG.java:230)
at org.testng.remote.RemoteTestNG.main(RemoteTestNG.java:76)
]]>
    </failure>
  </testcase> <!-- multiCitySearchTest -->
  <testcase name="multiCitySearchTest" time="1.125" classname="com.booking.test.MultiCityTest"/>
  <testcase name="multiCitySearchTest" time="1.076" classname="com.booking.test.MultiCityTest"/>
  <testcase name="multiCitySearchTest" time="1.117" classname="com.booking.test.MultiCityTest"/>
  <testcase name="multiCitySearchTest" time="1.120" classname="com.booking.test.MultiCityTest"/>
  <testcase name="multiCitySearchTest" time="1.114" classname="com.booking.test.MultiCityTest"/>
  <testcase name="multiCitySearchTest" time="1.149" classname="com.booking.test.MultiCityTest"/>
  <testcase name="multiCitySearchTest" time="1.094" classname="com.booking.test.MultiCityTest"/>
  <testcase name="multiCitySearchTest" time="1.189" classname="com.booking.test.MultiCityTest"/>
  <testcase name="multiCitySearchTest" time="1.114" classname="com.booking.test.MultiCityTest"/>
  <testcase name="multiCitySearchTest" time="1.076" classname="com.booking.test.MultiCityTest"/>
  <testcase name="multiCitySearchTest" time="1.086" classname="com.booking.test.MultiCityTest"/>
  <testcase name="multiCitySearchTest" time="1.120" classname="com.booking.test.MultiCityTest"/>
  <testcase name="multiCitySearchTest" time="1.122" classname="com.booking.test.MultiCityTest"/>
  <testcase name="multiCitySearchTest" time="7.157" classname="com.booking.test.MultiCityTest"/>
  <testcase name="multiCitySearchTest" time="1.182" classname="com.booking.test.MultiCityTest"/>
  <testcase name="multiCitySearchTest" time="1.169" classname="com.booking.test.MultiCityTest"/>
  <testcase name="multiCitySearchTest" time="1.142" classname="com.booking.test.MultiCityTest"/>
  <testcase name="multiCitySearchTest" time="1.141" classname="com.booking.test.MultiCityTest"/>
  <testcase name="multiCitySearchTest" time="1.124" classname="com.booking.test.MultiCityTest"/>
  <testcase name="multiCitySearchTest" time="1.031" classname="com.booking.test.MultiCityTest"/>
  <testcase name="multiCitySearchTest" time="1.121" classname="com.booking.test.MultiCityTest"/>
  <testcase name="multiCitySearchTest" time="1.122" classname="com.booking.test.MultiCityTest"/>
  <testcase name="multiCitySearchTest" time="1.073" classname="com.booking.test.MultiCityTest"/>
  <testcase name="multiCitySearchTest" time="1.132" classname="com.booking.test.MultiCityTest"/>
  <testcase name="multiCitySearchTest" time="1.180" classname="com.booking.test.MultiCityTest"/>
  <testcase name="multiCitySearchTest" time="1.108" classname="com.booking.test.MultiCityTest"/>
  <testcase name="multiCitySearchTest" time="1.025" classname="com.booking.test.MultiCityTest"/>
  <testcase name="multiCitySearchTest" time="1.095" classname="com.booking.test.MultiCityTest"/>
  <testcase name="multiCitySearchTest" time="3.770" classname="com.booking.test.MultiCityTest"/>
  <testcase name="multiCitySearchTest" time="1.124" classname="com.booking.test.MultiCityTest"/>
  <testcase name="multiCitySearchTest" time="1.120" classname="com.booking.test.MultiCityTest"/>
  <testcase name="multiCitySearchTest" time="1.125" classname="com.booking.test.MultiCityTest"/>
  <testcase name="multiCitySearchTest" time="2.305" classname="com.booking.test.MultiCityTest"/>
  <testcase name="multiCitySearchTest" time="1.279" classname="com.booking.test.MultiCityTest"/>
  <testcase name="multiCitySearchTest" time="3.159" classname="com.booking.test.MultiCityTest"/>
  <testcase name="multiCitySearchTest" time="1.077" classname="com.booking.test.MultiCityTest"/>
  <testcase name="multiCitySearchTest" time="1.076" classname="com.booking.test.MultiCityTest"/>
  <testcase name="multiCitySearchTest" time="1.122" classname="com.booking.test.MultiCityTest"/>
</testsuite> <!-- com.booking.test.MultiCityTest -->
